<?xml version="1.0" encoding="UTF-8"?>
<!-- Generated by org.testng.reporters.JUnitReportReporter -->
<testsuite hostname="LAPTOP-J81SHHRK" failures="0" tests="1" name="NewPrograms.Remove_DupliacteWords" time="0.026" errors="0" timestamp="2025-06-12T12:08:38 IST" skipped="0">
  <testcase classname="NewPrograms.Remove_DupliacteWords" name="removeDuplicateWords" time="0.026"/>
  <system-out/>
</testsuite> <!-- NewPrograms.Remove_DupliacteWords -->
