<?xml version="1.0" encoding="UTF-8"?>
<!-- Generated by org.testng.reporters.JUnitReportReporter -->
<testsuite hostname="LAPTOP-J81SHHRK" failures="0" tests="1" name="ArrayPrograms.Largest_Ele_Array" time="0.018" errors="0" timestamp="2024-08-10T12:07:14 IST" skipped="0">
  <testcase classname="ArrayPrograms.Largest_Ele_Array" name="largesteleLogic" time="0.018"/>
  <system-out/>
</testsuite> <!-- ArrayPrograms.Largest_Ele_Array -->
