<?xml version="1.0" encoding="UTF-8"?>
<!-- Generated by org.testng.reporters.JUnitReportReporter -->
<testsuite hostname="LAPTOP-J81SHHRK" failures="0" tests="1" name="ArrayPrograms.Right_Shift_Array1" time="0.018" errors="0" timestamp="2024-09-25T13:00:16 IST" skipped="0">
  <testcase classname="ArrayPrograms.Right_Shift_Array1" name="leftshift" time="0.018"/>
  <system-out/>
</testsuite> <!-- ArrayPrograms.Right_Shift_Array1 -->
