<?xml version="1.0" encoding="UTF-8"?>
<!-- Generated by org.testng.reporters.JUnitReportReporter -->
<testsuite hostname="LAPTOP-J81SHHRK" failures="0" tests="1" name="Others.Upper_Lower" time="0.016" errors="0" timestamp="2025-07-01T11:39:36 IST" skipped="0">
  <testcase classname="Others.Upper_Lower" name="sample" time="0.016"/>
  <system-out/>
</testsuite> <!-- Others.Upper_Lower -->
