<?xml version="1.0" encoding="UTF-8"?>
<!-- Generated by org.testng.reporters.JUnitReportReporter -->
<testsuite hostname="DESKTOP-0K174MB" failures="0" tests="1" name="ArrayPrograms.Removing_Duplicates_Array" time="0.016" errors="0" timestamp="2025-10-14T16:47:45 IST" skipped="0">
  <testcase classname="ArrayPrograms.Removing_Duplicates_Array" name="removeDuplicates1" time="0.016"/>
</testsuite> <!-- ArrayPrograms.Removing_Duplicates_Array -->
