<?xml version="1.0" encoding="UTF-8"?>
<!-- Generated by org.testng.reporters.JUnitReportReporter -->
<testsuite hostname="DESKTOP-0K174MB" failures="0" tests="1" name="ArrayPrograms.Largest_Ele_Array" time="0.012" errors="0" timestamp="2025-07-21T15:27:35 IST" skipped="0">
  <testcase classname="ArrayPrograms.Largest_Ele_Array" name="largesteleLogic" time="0.012"/>
</testsuite> <!-- ArrayPrograms.Largest_Ele_Array -->
