<?xml version="1.0" encoding="UTF-8"?>
<!-- Generated by org.testng.reporters.JUnitReportReporter -->
<testsuite hostname="LAPTOP-J81SHHRK" failures="0" tests="1" name="NewPrograms.Largest_SmallestWord" time="0.017" errors="0" timestamp="2025-06-12T14:31:05 IST" skipped="0">
  <testcase classname="NewPrograms.Largest_SmallestWord" name="Large_small" time="0.017"/>
  <system-out/>
</testsuite> <!-- NewPrograms.Largest_SmallestWord -->
