<?xml version="1.0" encoding="UTF-8"?>
<!-- Generated by org.testng.reporters.JUnitReportReporter -->
<testsuite hostname="LAPTOP-J81SHHRK" failures="0" tests="1" name="Number_Programs.Fibonocci_Series" time="0.018" errors="0" timestamp="2024-08-29T17:16:09 IST" skipped="0">
  <testcase classname="Number_Programs.Fibonocci_Series" name="fibonacci" time="0.018"/>
  <system-out/>
</testsuite> <!-- Number_Programs.Fibonocci_Series -->
