<?xml version="1.0" encoding="UTF-8"?>
<!-- Generated by org.testng.reporters.JUnitReportReporter -->
<testsuite hostname="LAPTOP-J81SHHRK" failures="0" tests="1" name="Others.I_Love_Java_reverse" time="0.016" errors="0" timestamp="2025-07-04T12:29:23 IST" skipped="0">
  <testcase classname="Others.I_Love_Java_reverse" name="ReverseWithoutCollections" time="0.016"/>
  <system-out/>
</testsuite> <!-- Others.I_Love_Java_reverse -->
