<?xml version="1.0" encoding="UTF-8"?>
<!-- Generated by org.testng.reporters.JUnitReportReporter -->
<testsuite hostname="LAPTOP-J81SHHRK" failures="0" tests="1" name="NewPrograms.BubleSort" time="0.014" errors="0" timestamp="2025-06-16T16:17:16 IST" skipped="0">
  <testcase classname="NewPrograms.BubleSort" name="bubblesort" time="0.014"/>
  <system-out/>
</testsuite> <!-- NewPrograms.BubleSort -->
