<?xml version="1.0" encoding="UTF-8"?>
<!-- Generated by org.testng.reporters.JUnitReportReporter -->
<testsuite hostname="LAPTOP-J81SHHRK" failures="0" tests="1" name="ArrayPrograms.Sum_Of_Elements_Array" time="0.021" errors="0" timestamp="2025-06-12T12:42:26 IST" skipped="0">
  <testcase classname="ArrayPrograms.Sum_Of_Elements_Array" name="sum" time="0.021"/>
  <system-out/>
</testsuite> <!-- ArrayPrograms.Sum_Of_Elements_Array -->
