<?xml version="1.0" encoding="UTF-8"?>
<!-- Generated by org.testng.reporters.JUnitReportReporter -->
<testsuite hostname="LAPTOP-J81SHHRK" failures="0" tests="1" name="Practice.No_Of_Occurence_Array" time="0.015" errors="0" timestamp="2024-08-09T16:19:26 IST" skipped="0">
  <testcase classname="Practice.No_Of_Occurence_Array" name="occurenceNo" time="0.015"/>
  <system-out/>
</testsuite> <!-- Practice.No_Of_Occurence_Array -->
