<?xml version="1.0" encoding="UTF-8"?>
<!-- Generated by org.testng.reporters.JUnitReportReporter -->
<testsuite hostname="LAPTOP-J81SHHRK" failures="0" tests="1" name="Number_Programs.Swap_Nos_Variable" time="0.014" errors="0" timestamp="2024-08-13T18:15:35 IST" skipped="0">
  <testcase classname="Number_Programs.Swap_Nos_Variable" name="swapnos" time="0.014"/>
  <system-out/>
</testsuite> <!-- Number_Programs.Swap_Nos_Variable -->
