<?xml version="1.0" encoding="UTF-8"?>
<!-- Generated by org.testng.reporters.JUnitReportReporter -->
<testsuite hostname="LAPTOP-J81SHHRK" failures="0" tests="1" name="NewPrograms.SeleniumPattern" time="0.017" errors="0" timestamp="2025-07-04T18:00:45 IST" skipped="0">
  <testcase classname="NewPrograms.SeleniumPattern" name="printPattern" time="0.017"/>
  <system-out/>
</testsuite> <!-- NewPrograms.SeleniumPattern -->
