<?xml version="1.0" encoding="UTF-8"?>
<!-- Generated by org.testng.reporters.JUnitReportReporter -->
<testsuite hostname="LAPTOP-J81SHHRK" failures="0" tests="1" name="ArrayPrograms.Smallest_Ele_Array" time="0.015" errors="0" timestamp="2024-08-10T12:06:12 IST" skipped="0">
  <testcase classname="ArrayPrograms.Smallest_Ele_Array" name="smallestLogic" time="0.015"/>
  <system-out/>
</testsuite> <!-- ArrayPrograms.Smallest_Ele_Array -->
