<?xml version="1.0" encoding="UTF-8"?>
<!-- Generated by org.testng.reporters.JUnitReportReporter -->
<testsuite hostname="LAPTOP-J81SHHRK" failures="0" tests="1" name="ArrayPrograms.Second_Smallest_Ele_Array" time="0.016" errors="0" timestamp="2024-08-10T12:32:29 IST" skipped="0">
  <testcase classname="ArrayPrograms.Second_Smallest_Ele_Array" name="secondsmallestlogic" time="0.016"/>
  <system-out/>
</testsuite> <!-- ArrayPrograms.Second_Smallest_Ele_Array -->
