<?xml version="1.0" encoding="UTF-8"?>
<!-- Generated by org.testng.reporters.JUnitReportReporter -->
<testsuite hostname="LAPTOP-J81SHHRK" failures="0" tests="1" name="ArrayPrograms.Sum_Each_Element_Array" time="0.024" errors="0" timestamp="2025-06-29T22:25:49 IST" skipped="0">
  <testcase classname="ArrayPrograms.Sum_Each_Element_Array" name="sumofEach" time="0.024"/>
  <system-out/>
</testsuite> <!-- ArrayPrograms.Sum_Each_Element_Array -->
