<?xml version="1.0" encoding="UTF-8"?>
<!-- Generated by org.testng.reporters.JUnitReportReporter -->
<testsuite hostname="LAPTOP-J81SHHRK" failures="0" tests="1" name="String_Programs.Count_Spaces" time="0.016" errors="0" timestamp="2024-08-12T22:00:07 IST" skipped="0">
  <testcase classname="String_Programs.Count_Spaces" name="counting_spaces" time="0.016"/>
  <system-out/>
</testsuite> <!-- String_Programs.Count_Spaces -->
