<?xml version="1.0" encoding="UTF-8"?>
<!-- Generated by org.testng.reporters.JUnitReportReporter -->
<testsuite hostname="LAPTOP-J81SHHRK" failures="0" tests="1" name="Practice.Pattern1_0" time="0.017" errors="0" timestamp="2024-08-14T10:39:44 IST" skipped="0">
  <testcase classname="Practice.Pattern1_0" name="pattern" time="0.017"/>
  <system-out/>
</testsuite> <!-- Practice.Pattern1_0 -->
