<?xml version="1.0" encoding="UTF-8"?>
<!-- Generated by org.testng.reporters.JUnitReportReporter -->
<testsuite hostname="DESKTOP-0K174MB" failures="0" tests="1" name="ArrayPrograms.Print_Duplicate_Elements_Array" time="0.013" errors="0" timestamp="2025-10-14T11:01:15 IST" skipped="0">
  <testcase classname="ArrayPrograms.Print_Duplicate_Elements_Array" name="printingDuplicates" time="0.013"/>
</testsuite> <!-- ArrayPrograms.Print_Duplicate_Elements_Array -->
