<?xml version="1.0" encoding="UTF-8"?>
<!-- Generated by org.testng.reporters.JUnitReportReporter -->
<testsuite hostname="LAPTOP-J81SHHRK" failures="0" tests="1" name="Others.A16" time="0.013" errors="0" timestamp="2025-07-01T11:31:06 IST" skipped="0">
  <testcase classname="Others.A16" name="charAndNum" time="0.013"/>
  <system-out/>
</testsuite> <!-- Others.A16 -->
