<?xml version="1.0" encoding="UTF-8"?>
<!-- Generated by org.testng.reporters.JUnitReportReporter -->
<testsuite hostname="LAPTOP-J81SHHRK" failures="0" tests="1" name="ArrayPrograms.Right_Shift_Array" time="4.034" errors="0" timestamp="2025-06-11T15:59:15 IST" skipped="0">
  <testcase classname="ArrayPrograms.Right_Shift_Array" name="user_right_shift" time="4.034"/>
  <system-out/>
</testsuite> <!-- ArrayPrograms.Right_Shift_Array -->
