<?xml version="1.0" encoding="UTF-8"?>
<!-- Generated by org.testng.reporters.JUnitReportReporter -->
<testsuite hostname="DESKTOP-0K174MB" failures="0" tests="1" name="String_Programs.Remove_Duplicates_String" time="0.016" errors="0" timestamp="2025-10-11T12:34:01 IST" skipped="0">
  <testcase classname="String_Programs.Remove_Duplicates_String" name="removingDuplicates" time="0.016"/>
</testsuite> <!-- String_Programs.Remove_Duplicates_String -->
