<?xml version="1.0" encoding="UTF-8"?>
<!-- Generated by org.testng.reporters.JUnitReportReporter -->
<testsuite hostname="LAPTOP-J81SHHRK" failures="0" tests="1" name="ArrayPrograms.No_Of_Occurence_Array" time="0.019" errors="0" timestamp="2025-06-10T17:59:42 IST" skipped="0">
  <testcase classname="ArrayPrograms.No_Of_Occurence_Array" name="occurenceEle" time="0.019"/>
  <system-out/>
</testsuite> <!-- ArrayPrograms.No_Of_Occurence_Array -->
