<?xml version="1.0" encoding="UTF-8"?>
<!-- Generated by org.testng.reporters.JUnitReportReporter -->
<testsuite hostname="LAPTOP-J81SHHRK" failures="0" tests="1" name="NewPrograms.PairsFromArray" time="0.014" errors="0" timestamp="2025-06-18T13:30:20 IST" skipped="0">
  <testcase classname="NewPrograms.PairsFromArray" name="Sum_Of_Pairs" time="0.014"/>
  <system-out/>
</testsuite> <!-- NewPrograms.PairsFromArray -->
