<?xml version="1.0" encoding="UTF-8"?>
<!-- Generated by org.testng.reporters.JUnitReportReporter -->
<testsuite hostname="DESKTOP-0K174MB" failures="0" tests="1" name="ArrayPrograms.Merging_Two_Arrays" time="0.012" errors="0" timestamp="2025-10-13T17:33:25 IST" skipped="0">
  <testcase classname="ArrayPrograms.Merging_Two_Arrays" name="mergewithfor" time="0.012"/>
</testsuite> <!-- ArrayPrograms.Merging_Two_Arrays -->
