<?xml version="1.0" encoding="UTF-8"?>
<!-- Generated by org.testng.reporters.JUnitReportReporter -->
<testsuite hostname="LAPTOP-J81SHHRK" failures="0" tests="1" name="String_Programs.Compare_Strings" time="0.017" errors="0" timestamp="2024-08-12T10:19:55 IST" skipped="0">
  <testcase classname="String_Programs.Compare_Strings" name="compareStrings" time="0.017"/>
  <system-out/>
</testsuite> <!-- String_Programs.Compare_Strings -->
