<?xml version="1.0" encoding="UTF-8"?>
<!-- Generated by org.testng.reporters.JUnitReportReporter -->
<testsuite hostname="LAPTOP-J81SHHRK" failures="0" tests="1" name="ArrayPrograms.Reverse_Each_Element_Array" time="0.016" errors="0" timestamp="2024-08-12T16:11:46 IST" skipped="0">
  <testcase classname="ArrayPrograms.Reverse_Each_Element_Array" name="reverse_each" time="0.016"/>
  <system-out/>
</testsuite> <!-- ArrayPrograms.Reverse_Each_Element_Array -->
