<?xml version="1.0" encoding="UTF-8"?>
<!-- Generated by org.testng.reporters.JUnitReportReporter -->
<testsuite hostname="DESKTOP-0K174MB" failures="0" tests="1" name="NewPrograms.Panagram" time="0.011" errors="0" timestamp="2025-07-21T18:27:04 IST" skipped="0">
  <testcase classname="NewPrograms.Panagram" name="PanagramStringOrNot" time="0.011"/>
</testsuite> <!-- NewPrograms.Panagram -->
