<?xml version="1.0" encoding="UTF-8"?>
<!-- Generated by org.testng.reporters.JUnitReportReporter -->
<testsuite hostname="LAPTOP-J81SHHRK" failures="0" tests="1" name="String_Programs.Swap_First_Last_Word_String" time="0.013" errors="0" timestamp="2025-06-18T11:35:12 IST" skipped="0">
  <testcase classname="String_Programs.Swap_First_Last_Word_String" name="swapping" time="0.013"/>
  <system-out/>
</testsuite> <!-- String_Programs.Swap_First_Last_Word_String -->
