<?xml version="1.0" encoding="UTF-8"?>
<!-- Generated by org.testng.reporters.JUnitReportReporter -->
<testsuite hostname="LAPTOP-J81SHHRK" failures="0" tests="1" name="String_Programs.Swap_Two_Strings" time="0.018" errors="0" timestamp="2025-06-18T11:48:59 IST" skipped="0">
  <testcase classname="String_Programs.Swap_Two_Strings" name="swap" time="0.018"/>
  <system-out/>
</testsuite> <!-- String_Programs.Swap_Two_Strings -->
