<?xml version="1.0" encoding="UTF-8"?>
<!-- Generated by org.testng.reporters.JUnitReportReporter -->
<testsuite hostname="LAPTOP-J81SHHRK" failures="0" tests="1" name="ArrayPrograms.Print_Ele_Array_foreach" time="0.015" errors="0" timestamp="2024-07-23T08:24:02 IST" skipped="0">
  <testcase classname="ArrayPrograms.Print_Ele_Array_foreach" name="printingelements" time="0.015"/>
  <system-out/>
</testsuite> <!-- ArrayPrograms.Print_Ele_Array_foreach -->
