<?xml version="1.0" encoding="UTF-8"?>
<!-- Generated by org.testng.reporters.JUnitReportReporter -->
<testsuite hostname="LAPTOP-J81SHHRK" failures="0" tests="1" name="String_Programs.String_Uppercase" time="0.014" errors="0" timestamp="2024-08-12T10:05:18 IST" skipped="0">
  <testcase classname="String_Programs.String_Uppercase" name="uppercase" time="0.014"/>
  <system-out/>
</testsuite> <!-- String_Programs.String_Uppercase -->
