<?xml version="1.0" encoding="UTF-8"?>
<!-- Generated by org.testng.reporters.JUnitReportReporter -->
<testsuite hostname="LAPTOP-J81SHHRK" failures="0" tests="1" name="NewPrograms.MissingNos" time="0.015" errors="0" timestamp="2025-07-04T12:11:53 IST" skipped="0">
  <testcase classname="NewPrograms.MissingNos" name="Nos" time="0.015"/>
  <system-out/>
</testsuite> <!-- NewPrograms.MissingNos -->
