<?xml version="1.0" encoding="UTF-8"?>
<!-- Generated by org.testng.reporters.JUnitReportReporter -->
<testsuite hostname="LAPTOP-J81SHHRK" failures="0" tests="1" name="Number_Programs.Palindrome_m_n" time="4.388" errors="0" timestamp="2024-08-14T09:44:40 IST" skipped="0">
  <testcase classname="Number_Programs.Palindrome_m_n" name="palindrome" time="4.388"/>
  <system-out/>
</testsuite> <!-- Number_Programs.Palindrome_m_n -->
