<?xml version="1.0" encoding="UTF-8"?>
<!-- Generated by org.testng.reporters.JUnitReportReporter -->
<testsuite hostname="LAPTOP-J81SHHRK" failures="0" tests="1" name="Patterns.Left_Triangle" time="0.018" errors="0" timestamp="2024-08-21T12:22:53 IST" skipped="0">
  <testcase classname="Patterns.Left_Triangle" name="leftTri" time="0.018"/>
  <system-out/>
</testsuite> <!-- Patterns.Left_Triangle -->
