<?xml version="1.0" encoding="UTF-8"?>
<!-- Generated by org.testng.reporters.JUnitReportReporter -->
<testsuite hostname="DESKTOP-0K174MB" failures="0" tests="1" name="String_Programs.Anagram_String" time="0.010" errors="0" timestamp="2025-10-14T17:43:32 IST" skipped="0">
  <testcase classname="String_Programs.Anagram_String" name="anagram" time="0.010"/>
</testsuite> <!-- String_Programs.Anagram_String -->
