<?xml version="1.0" encoding="UTF-8"?>
<!-- Generated by org.testng.reporters.JUnitReportReporter -->
<testsuite hostname="LAPTOP-J81SHHRK" failures="0" tests="1" name="String_Programs.Remove_White_Spaces_String" time="0.028" errors="0" timestamp="2024-08-13T11:22:08 IST" skipped="0">
  <testcase classname="String_Programs.Remove_White_Spaces_String" name="removinngSpaces" time="0.028"/>
  <system-out/>
</testsuite> <!-- String_Programs.Remove_White_Spaces_String -->
