<?xml version="1.0" encoding="UTF-8"?>
<!-- Generated by org.testng.reporters.JUnitReportReporter -->
<testsuite hostname="LAPTOP-J81SHHRK" failures="0" tests="1" name="ArrayPrograms.Copy_Elements_Array" time="0.023" errors="0" timestamp="2025-06-29T21:23:05 IST" skipped="0">
  <testcase classname="ArrayPrograms.Copy_Elements_Array" name="copyelementsreverse1" time="0.023"/>
  <system-out/>
</testsuite> <!-- ArrayPrograms.Copy_Elements_Array -->
