<?xml version="1.0" encoding="UTF-8"?>
<!-- Generated by org.testng.reporters.JUnitReportReporter -->
<testsuite hostname="DESKTOP-0K174MB" failures="0" tests="1" name="NewPrograms.Occurence_Word_HashMap" time="0.012" errors="0" timestamp="2025-07-22T22:44:42 IST" skipped="0">
  <testcase classname="NewPrograms.Occurence_Word_HashMap" name="hashMap" time="0.012"/>
</testsuite> <!-- NewPrograms.Occurence_Word_HashMap -->
