<?xml version="1.0" encoding="UTF-8"?>
<!-- Generated by org.testng.reporters.JUnitReportReporter -->
<testsuite hostname="LAPTOP-J81SHHRK" failures="0" tests="1" name="Practice.Vowel" time="0.016" errors="0" timestamp="2024-10-25T12:19:19 IST" skipped="0">
  <testcase classname="Practice.Vowel" name="sumOfNo" time="0.016"/>
  <system-out/>
</testsuite> <!-- Practice.Vowel -->
