<?xml version="1.0" encoding="UTF-8"?>
<!-- Generated by org.testng.reporters.JUnitReportReporter -->
<testsuite hostname="DESKTOP-0K174MB" failures="0" tests="1" name="ArrayPrograms.Left_Shift_Array1" time="0.014" errors="0" timestamp="2025-10-14T17:05:23 IST" skipped="0">
  <testcase classname="ArrayPrograms.Left_Shift_Array1" name="leftshift" time="0.014"/>
</testsuite> <!-- ArrayPrograms.Left_Shift_Array1 -->
