<?xml version="1.0" encoding="UTF-8"?>
<!-- Generated by org.testng.reporters.JUnitReportReporter -->
<testsuite hostname="LAPTOP-J81SHHRK" failures="0" tests="1" name="ArrayPrograms.Length_of_an_Array" time="0.016" errors="0" timestamp="2025-06-10T15:38:21 IST" skipped="0">
  <testcase classname="ArrayPrograms.Length_of_an_Array" name="length" time="0.016"/>
  <system-out/>
</testsuite> <!-- ArrayPrograms.Length_of_an_Array -->
