<?xml version="1.0" encoding="UTF-8"?>
<!-- Generated by org.testng.reporters.JUnitReportReporter -->
<testsuite hostname="LAPTOP-J81SHHRK" failures="0" tests="1" name="String_Programs.Longest_Palindrome_String" time="0.015" errors="0" timestamp="2025-06-29T22:56:10 IST" skipped="0">
  <testcase classname="String_Programs.Longest_Palindrome_String" name="longPalindrome" time="0.015"/>
  <system-out/>
</testsuite> <!-- String_Programs.Longest_Palindrome_String -->
