<?xml version="1.0" encoding="UTF-8"?>
<!-- Generated by org.testng.reporters.JUnitReportReporter -->
<testsuite hostname="LAPTOP-J81SHHRK" failures="0" tests="1" name="NewPrograms.GetNoFromBrackets" time="0.015" errors="0" timestamp="2025-06-18T13:05:30 IST" skipped="0">
  <testcase classname="NewPrograms.GetNoFromBrackets" name="GetNo" time="0.015"/>
  <system-out/>
</testsuite> <!-- NewPrograms.GetNoFromBrackets -->
