<?xml version="1.0" encoding="UTF-8"?>
<!-- Generated by org.testng.reporters.JUnitReportReporter -->
<testsuite hostname="LAPTOP-J81SHHRK" failures="0" tests="1" name="ArrayPrograms.Average_Elements_array" time="0.015" errors="0" timestamp="2025-06-09T16:33:14 IST" skipped="0">
  <testcase classname="ArrayPrograms.Average_Elements_array" name="average" time="0.015"/>
  <system-out/>
</testsuite> <!-- ArrayPrograms.Average_Elements_array -->
