<?xml version="1.0" encoding="UTF-8"?>
<!-- Generated by org.testng.reporters.JUnitReportReporter -->
<testsuite hostname="LAPTOP-J81SHHRK" failures="0" tests="1" name="ArrayPrograms.Add_Two_Matrices" time="0.014" errors="0" timestamp="2025-07-15T13:36:21 IST" skipped="0">
  <testcase classname="ArrayPrograms.Add_Two_Matrices" name="addingmatrices" time="0.014"/>
</testsuite> <!-- ArrayPrograms.Add_Two_Matrices -->
