<?xml version="1.0" encoding="UTF-8"?>
<!-- Generated by org.testng.reporters.JUnitReportReporter -->
<testsuite hostname="DESKTOP-0K174MB" failures="0" tests="1" name="Others.Windows" time="42.375" errors="0" timestamp="2025-07-18T18:01:59 IST" skipped="0">
  <testcase classname="Others.Windows" name="multipleWindows" time="42.375"/>
</testsuite> <!-- Others.Windows -->
