<?xml version="1.0" encoding="UTF-8"?>
<!-- Generated by org.testng.reporters.JUnitReportReporter -->
<testsuite hostname="LAPTOP-J81SHHRK" failures="0" tests="1" name="Number_Programs.PrimeNumbers_m_n" time="5.247" errors="0" timestamp="2024-08-14T10:21:45 IST" skipped="0">
  <testcase classname="Number_Programs.PrimeNumbers_m_n" name="primenumbers" time="5.247"/>
  <system-out/>
</testsuite> <!-- Number_Programs.PrimeNumbers_m_n -->
