<?xml version="1.0" encoding="UTF-8"?>
<!-- Generated by org.testng.reporters.JUnitReportReporter -->
<testsuite hostname="LAPTOP-J81SHHRK" failures="0" tests="1" name="NewPrograms.Panagram" time="0.017" errors="0" timestamp="2025-06-11T16:50:27 IST" skipped="0">
  <testcase classname="NewPrograms.Panagram" name="PanagramStringOrNot" time="0.017"/>
  <system-out/>
</testsuite> <!-- NewPrograms.Panagram -->
