<?xml version="1.0" encoding="UTF-8"?>
<!-- Generated by org.testng.reporters.JUnitReportReporter -->
<testsuite hostname="LAPTOP-J81SHHRK" failures="0" tests="1" name="Practice.Sum_of_no" time="0.019" errors="0" timestamp="2024-08-14T13:28:06 IST" skipped="0">
  <testcase classname="Practice.Sum_of_no" name="sum" time="0.019"/>
  <system-out/>
</testsuite> <!-- Practice.Sum_of_no -->
