<?xml version="1.0" encoding="UTF-8"?>
<!-- Generated by org.testng.reporters.JUnitReportReporter -->
<testsuite hostname="LAPTOP-J81SHHRK" failures="0" tests="1" name="ArrayPrograms.Print_Elements_Array" time="0.016" errors="0" timestamp="2024-08-12T15:22:45 IST" skipped="0">
  <testcase classname="ArrayPrograms.Print_Elements_Array" name="odd_Ele_Array" time="0.016"/>
  <system-out/>
</testsuite> <!-- ArrayPrograms.Print_Elements_Array -->
