<?xml version="1.0" encoding="UTF-8"?>
<!-- Generated by org.testng.reporters.JUnitReportReporter -->
<testsuite hostname="LAPTOP-J81SHHRK" failures="0" tests="1" name="Practice.Special_No" time="0.023" errors="0" timestamp="2024-08-14T15:26:08 IST" skipped="0">
  <testcase classname="Practice.Special_No" name="no1_2" time="0.023"/>
  <system-out/>
</testsuite> <!-- Practice.Special_No -->
