<?xml version="1.0" encoding="UTF-8"?>
<!-- Generated by org.testng.reporters.JUnitReportReporter -->
<testsuite hostname="LAPTOP-J81SHHRK" failures="0" tests="1" name="ArrayPrograms.Element_Present_Array" time="115.714" errors="0" timestamp="2025-06-29T21:26:59 IST" skipped="0">
  <testcase classname="ArrayPrograms.Element_Present_Array" name="elementPresent" time="115.714"/>
  <system-out/>
</testsuite> <!-- ArrayPrograms.Element_Present_Array -->
