<?xml version="1.0" encoding="UTF-8"?>
<!-- Generated by org.testng.reporters.JUnitReportReporter -->
<testsuite hostname="LAPTOP-J81SHHRK" failures="0" tests="1" name="Practice.Parttern123" time="0.019" errors="0" timestamp="2024-08-13T18:00:35 IST" skipped="0">
  <testcase classname="Practice.Parttern123" name="no_pattern" time="0.019"/>
  <system-out/>
</testsuite> <!-- Practice.Parttern123 -->
