<?xml version="1.0" encoding="UTF-8"?>
<!-- Generated by org.testng.reporters.JUnitReportReporter -->
<testsuite hostname="LAPTOP-J81SHHRK" failures="0" tests="1" name="Number_Programs.Reverse_Number" time="0.014" errors="0" timestamp="2025-07-01T11:28:20 IST" skipped="0">
  <testcase classname="Number_Programs.Reverse_Number" name="reverse" time="0.014"/>
  <system-out/>
</testsuite> <!-- Number_Programs.Reverse_Number -->
