<?xml version="1.0" encoding="UTF-8"?>
<!-- Generated by org.testng.reporters.JUnitReportReporter -->
<testsuite hostname="DESKTOP-0K174MB" failures="0" tests="1" name="Others.taking" time="15.999" errors="0" timestamp="2025-10-13T18:47:12 IST" skipped="0">
  <testcase classname="Others.taking" name="getData" time="15.999"/>
</testsuite> <!-- Others.taking -->
