<?xml version="1.0" encoding="UTF-8"?>
<!-- Generated by org.testng.reporters.JUnitReportReporter -->
<testsuite hostname="LAPTOP-J81SHHRK" failures="0" tests="1" name="ArrayPrograms.Left_Shift_Array" time="0.033" errors="0" timestamp="2024-10-08T16:21:13 IST" skipped="0">
  <testcase classname="ArrayPrograms.Left_Shift_Array" name="rightshift" time="0.033"/>
  <system-out/>
</testsuite> <!-- ArrayPrograms.Left_Shift_Array -->
