<?xml version="1.0" encoding="UTF-8"?>
<!-- Generated by org.testng.reporters.JUnitReportReporter -->
<testsuite hostname="LAPTOP-J81SHHRK" failures="0" tests="1" name="All_Programs.String_All_Programs" time="0.011" errors="0" timestamp="2024-10-26T11:03:23 IST" skipped="0">
  <testcase classname="All_Programs.String_All_Programs" name="sum" time="0.011"/>
  <system-out/>
</testsuite> <!-- All_Programs.String_All_Programs -->
