<?xml version="1.0" encoding="UTF-8"?>
<!-- Generated by org.testng.reporters.JUnitReportReporter -->
<testsuite hostname="LAPTOP-J81SHHRK" failures="0" tests="1" name="ArrayPrograms.Count_Of_EachDigit_Array" time="0.014" errors="0" timestamp="2025-06-09T17:09:25 IST" skipped="0">
  <testcase classname="ArrayPrograms.Count_Of_EachDigit_Array" name="count" time="0.014"/>
  <system-out/>
</testsuite> <!-- ArrayPrograms.Count_Of_EachDigit_Array -->
