<?xml version="1.0" encoding="UTF-8"?>
<!-- Generated by org.testng.reporters.JUnitReportReporter -->
<testsuite hostname="LAPTOP-J81SHHRK" failures="0" tests="1" name="Practice.ThirdLargest" time="0.015" errors="0" timestamp="2024-08-10T13:36:09 IST" skipped="0">
  <testcase classname="Practice.ThirdLargest" name="sample" time="0.015"/>
  <system-out/>
</testsuite> <!-- Practice.ThirdLargest -->
