<?xml version="1.0" encoding="UTF-8"?>
<!-- Generated by org.testng.reporters.JUnitReportReporter -->
<testsuite hostname="LAPTOP-J81SHHRK" failures="0" tests="1" name="Practice.NoOfOccurence" time="0.014" errors="0" timestamp="2024-08-15T15:46:45 IST" skipped="0">
  <testcase classname="Practice.NoOfOccurence" name="occurence" time="0.014"/>
  <system-out/>
</testsuite> <!-- Practice.NoOfOccurence -->
