<?xml version="1.0" encoding="UTF-8"?>
<!-- Generated by org.testng.reporters.JUnitReportReporter -->
<testsuite hostname="DESKTOP-0K174MB" failures="0" tests="1" name="NewPrograms.ConsecutiveNumbers" time="0.010" errors="0" timestamp="2025-07-21T18:15:51 IST" skipped="0">
  <testcase classname="NewPrograms.ConsecutiveNumbers" name="cosecutive" time="0.010"/>
</testsuite> <!-- NewPrograms.ConsecutiveNumbers -->
