<?xml version="1.0" encoding="UTF-8"?>
<!-- Generated by org.testng.reporters.JUnitReportReporter -->
<testsuite hostname="LAPTOP-J81SHHRK" failures="0" tests="1" name="Patterns.Triangle" time="0.016" errors="0" timestamp="2024-08-21T12:28:18 IST" skipped="0">
  <testcase classname="Patterns.Triangle" name="triangle" time="0.016"/>
  <system-out/>
</testsuite> <!-- Patterns.Triangle -->
