<?xml version="1.0" encoding="UTF-8"?>
<!-- Generated by org.testng.reporters.JUnitReportReporter -->
<testsuite hostname="LAPTOP-J81SHHRK" failures="0" tests="1" name="ArrayPrograms.PairsFromArray" time="0.032" errors="0" timestamp="2025-06-11T13:17:15 IST" skipped="0">
  <testcase classname="ArrayPrograms.PairsFromArray" name="Pairs" time="0.032"/>
  <system-out/>
</testsuite> <!-- ArrayPrograms.PairsFromArray -->
