<?xml version="1.0" encoding="UTF-8"?>
<!-- Generated by org.testng.reporters.JUnitReportReporter -->
<testsuite hostname="LAPTOP-J81SHHRK" failures="0" tests="1" name="String_Programs.Count_Upper_Lower_SpecialChar_String" time="0.013" errors="0" timestamp="2025-06-17T22:33:21 IST" skipped="0">
  <testcase classname="String_Programs.Count_Upper_Lower_SpecialChar_String" name="count_U_L_S_N" time="0.013"/>
  <system-out/>
</testsuite> <!-- String_Programs.Count_Upper_Lower_SpecialChar_String -->
