<?xml version="1.0" encoding="UTF-8"?>
<!-- Generated by org.testng.reporters.JUnitReportReporter -->
<testsuite hostname="LAPTOP-J81SHHRK" failures="0" tests="1" name="String_Programs.Read_1st_last_char_String" time="0.015" errors="0" timestamp="2024-08-12T10:03:29 IST" skipped="0">
  <testcase classname="String_Programs.Read_1st_last_char_String" name="read1standlast" time="0.015"/>
  <system-out/>
</testsuite> <!-- String_Programs.Read_1st_last_char_String -->
