<?xml version="1.0" encoding="UTF-8"?>
<!-- Generated by org.testng.reporters.JUnitReportReporter -->
<testsuite hostname="LAPTOP-J81SHHRK" failures="0" tests="1" name="ArrayPrograms.Left_Shift_Array1" time="7.673" errors="0" timestamp="2025-06-16T15:49:20 IST" skipped="0">
  <testcase classname="ArrayPrograms.Left_Shift_Array1" name="user_left_shift" time="7.673"/>
  <system-out/>
</testsuite> <!-- ArrayPrograms.Left_Shift_Array1 -->
