<?xml version="1.0" encoding="UTF-8"?>
<!-- Generated by org.testng.reporters.JUnitReportReporter -->
<testsuite hostname="LAPTOP-J81SHHRK" failures="0" tests="1" name="ArrayPrograms.Descending_Array" time="0.018" errors="0" timestamp="2025-06-29T21:18:36 IST" skipped="0">
  <testcase classname="ArrayPrograms.Descending_Array" name="descendinglogic" time="0.018"/>
  <system-out/>
</testsuite> <!-- ArrayPrograms.Descending_Array -->
