<?xml version="1.0" encoding="UTF-8"?>
<!-- Generated by org.testng.reporters.JUnitReportReporter -->
<testsuite hostname="DESKTOP-0K174MB" failures="0" tests="1" name="NewPrograms.PrintOnlyParticularLikeA_b" time="0.012" errors="0" timestamp="2025-07-21T16:39:52 IST" skipped="0">
  <testcase classname="NewPrograms.PrintOnlyParticularLikeA_b" name="printing_a_b_HashMap" time="0.012"/>
</testsuite> <!-- NewPrograms.PrintOnlyParticularLikeA_b -->
