<?xml version="1.0" encoding="UTF-8"?>
<!-- Generated by org.testng.reporters.JUnitReportReporter -->
<testsuite hostname="LAPTOP-J81SHHRK" failures="0" tests="1" name="String_Programs.Caps_Small_Char_String" time="0.017" errors="0" timestamp="2024-10-01T12:12:22 IST" skipped="0">
  <testcase classname="String_Programs.Caps_Small_Char_String" name="capsChar" time="0.017"/>
  <system-out/>
</testsuite> <!-- String_Programs.Caps_Small_Char_String -->
