<?xml version="1.0" encoding="UTF-8"?>
<!-- Generated by org.testng.reporters.JUnitReportReporter -->
<testsuite hostname="LAPTOP-J81SHHRK" failures="0" tests="1" name="Patterns.Right_triangle" time="0.015" errors="0" timestamp="2024-08-14T10:44:21 IST" skipped="0">
  <testcase classname="Patterns.Right_triangle" name="righttri" time="0.015"/>
  <system-out/>
</testsuite> <!-- Patterns.Right_triangle -->
