<?xml version="1.0" encoding="UTF-8"?>
<!-- Generated by org.testng.reporters.JUnitReportReporter -->
<testsuite hostname="LAPTOP-J81SHHRK" failures="0" tests="1" name="String_Programs.Print_Vowels_String" time="0.015" errors="0" timestamp="2025-06-18T11:09:25 IST" skipped="0">
  <testcase classname="String_Programs.Print_Vowels_String" name="vowels" time="0.015"/>
  <system-out/>
</testsuite> <!-- String_Programs.Print_Vowels_String -->
