<?xml version="1.0" encoding="UTF-8"?>
<!-- Generated by org.testng.reporters.JUnitReportReporter -->
<testsuite hostname="LAPTOP-J81SHHRK" failures="0" tests="1" name="Practice.NumberPattern" time="0.017" errors="0" timestamp="2024-08-13T18:04:19 IST" skipped="0">
  <testcase classname="Practice.NumberPattern" name="pattern" time="0.017"/>
  <system-out/>
</testsuite> <!-- Practice.NumberPattern -->
