<?xml version="1.0" encoding="UTF-8"?>
<!-- Generated by org.testng.reporters.JUnitReportReporter -->
<testsuite hostname="LAPTOP-J81SHHRK" failures="0" tests="1" name="All_Programs.Array_All_Programs" time="0.041" errors="0" timestamp="2024-09-30T15:12:05 IST" skipped="0">
  <testcase classname="All_Programs.Array_All_Programs" name="rightshift" time="0.041"/>
  <system-out/>
</testsuite> <!-- All_Programs.Array_All_Programs -->
