<?xml version="1.0" encoding="UTF-8"?>
<!-- Generated by org.testng.reporters.JUnitReportReporter -->
<testsuite hostname="LAPTOP-J81SHHRK" failures="0" tests="1" name="ArrayPrograms.Merging_Two_Arrays" time="0.014" errors="0" timestamp="2025-06-29T22:05:35 IST" skipped="0">
  <testcase classname="ArrayPrograms.Merging_Two_Arrays" name="mergewithfor" time="0.014"/>
  <system-out/>
</testsuite> <!-- ArrayPrograms.Merging_Two_Arrays -->
