<?xml version="1.0" encoding="UTF-8"?>
<!-- Generated by org.testng.reporters.JUnitReportReporter -->
<testsuite hostname="LAPTOP-J81SHHRK" failures="0" tests="1" name="ArrayPrograms.Second_Largest_Ele_Array" time="0.017" errors="0" timestamp="2024-08-10T11:45:04 IST" skipped="0">
  <testcase classname="ArrayPrograms.Second_Largest_Ele_Array" name="secondlargestlogic" time="0.017"/>
  <system-out/>
</testsuite> <!-- ArrayPrograms.Second_Largest_Ele_Array -->
