<?xml version="1.0" encoding="UTF-8"?>
<!-- Generated by org.testng.reporters.JUnitReportReporter -->
<testsuite hostname="LAPTOP-J81SHHRK" failures="0" tests="1" name="String_Programs.String_Uppercase_Lowercase" time="0.022" errors="0" timestamp="2025-06-18T11:29:27 IST" skipped="0">
  <testcase classname="String_Programs.String_Uppercase_Lowercase" name="uppercase" time="0.022"/>
  <system-out/>
</testsuite> <!-- String_Programs.String_Uppercase_Lowercase -->
