<?xml version="1.0" encoding="UTF-8"?>
<!-- Generated by org.testng.reporters.JUnitReportReporter -->
<testsuite hostname="LAPTOP-J81SHHRK" failures="0" tests="1" name="NewPrograms.Merge_Occurence" time="0.015" errors="0" timestamp="2025-06-11T16:24:22 IST" skipped="0">
  <testcase classname="NewPrograms.Merge_Occurence" name="MergeOcc" time="0.015"/>
  <system-out/>
</testsuite> <!-- NewPrograms.Merge_Occurence -->
