<?xml version="1.0" encoding="UTF-8"?>
<!-- Generated by org.testng.reporters.JUnitReportReporter -->
<testsuite hostname="LAPTOP-J81SHHRK" failures="0" tests="1" name="String_Programs.Read_Characters_String" time="0.015" errors="0" timestamp="2024-08-12T09:56:43 IST" skipped="0">
  <testcase classname="String_Programs.Read_Characters_String" name="readcharacters" time="0.015"/>
  <system-out/>
</testsuite> <!-- String_Programs.Read_Characters_String -->
