<?xml version="1.0" encoding="UTF-8"?>
<!-- Generated by org.testng.reporters.JUnitReportReporter -->
<testsuite hostname="LAPTOP-J81SHHRK" failures="0" tests="1" name="String_Programs.Length_String" time="0.014" errors="0" timestamp="2024-08-10T12:52:01 IST" skipped="0">
  <testcase classname="String_Programs.Length_String" name="lengthSt" time="0.014"/>
  <system-out/>
</testsuite> <!-- String_Programs.Length_String -->
