<?xml version="1.0" encoding="UTF-8"?>
<!-- Generated by org.testng.reporters.JUnitReportReporter -->
<testsuite hostname="LAPTOP-J81SHHRK" failures="0" tests="1" name="ArrayPrograms.Multiply_Two_Matrices_Array" time="0.013" errors="0" timestamp="2025-06-10T16:34:38 IST" skipped="0">
  <testcase classname="ArrayPrograms.Multiply_Two_Matrices_Array" name="multiply" time="0.013"/>
  <system-out/>
</testsuite> <!-- ArrayPrograms.Multiply_Two_Matrices_Array -->
