<?xml version="1.0" encoding="UTF-8"?>
<!-- Generated by org.testng.reporters.JUnitReportReporter -->
<testsuite hostname="LAPTOP-J81SHHRK" failures="0" tests="1" name="String_Programs.No_Of_Occurence_EachWord" time="0.013" errors="0" timestamp="2025-06-10T18:22:30 IST" skipped="0">
  <testcase classname="String_Programs.No_Of_Occurence_EachWord" name="repeat" time="0.013"/>
  <system-out/>
</testsuite> <!-- String_Programs.No_Of_Occurence_EachWord -->
