<?xml version="1.0" encoding="UTF-8"?>
<!-- Generated by org.testng.reporters.JUnitReportReporter -->
<testsuite hostname="LAPTOP-J81SHHRK" failures="0" tests="1" name="ArrayPrograms.Transpose_Of_Matrix" time="0.013" errors="0" timestamp="2025-06-12T12:48:45 IST" skipped="0">
  <testcase classname="ArrayPrograms.Transpose_Of_Matrix" name="transpose" time="0.013"/>
  <system-out/>
</testsuite> <!-- ArrayPrograms.Transpose_Of_Matrix -->
