<?xml version="1.0" encoding="UTF-8"?>
<!-- Generated by org.testng.reporters.JUnitReportReporter -->
<testsuite hostname="LAPTOP-J81SHHRK" failures="0" tests="1" name="NewPrograms.Swap_Second_third_word" time="0.014" errors="0" timestamp="2025-06-18T11:39:08 IST" skipped="0">
  <testcase classname="NewPrograms.Swap_Second_third_word" name="swapsecondThird" time="0.014"/>
  <system-out/>
</testsuite> <!-- NewPrograms.Swap_Second_third_word -->
