<?xml version="1.0" encoding="UTF-8"?>
<!-- Generated by org.testng.reporters.JUnitReportReporter -->
<testsuite hostname="DESKTOP-0K174MB" failures="0" tests="1" name="ArrayPrograms.Ascending_Array" time="0.011" errors="0" timestamp="2025-07-18T14:48:25 IST" skipped="0">
  <testcase classname="ArrayPrograms.Ascending_Array" name="ascendinglogic" time="0.011"/>
</testsuite> <!-- ArrayPrograms.Ascending_Array -->
