<?xml version="1.0" encoding="UTF-8"?>
<!-- Generated by org.testng.reporters.JUnitReportReporter -->
<testsuite hostname="LAPTOP-J81SHHRK" failures="0" tests="1" name="Practice.Right_Pattern" time="0.018" errors="0" timestamp="2024-08-13T13:24:01 IST" skipped="0">
  <testcase classname="Practice.Right_Pattern" name="right" time="0.018"/>
  <system-out/>
</testsuite> <!-- Practice.Right_Pattern -->
