<?xml version="1.0" encoding="UTF-8"?>
<!-- Generated by org.testng.reporters.JUnitReportReporter -->
<testsuite hostname="LAPTOP-J81SHHRK" failures="0" tests="1" name="ArrayPrograms.Max_Frequency_Ele_Array" time="0.015" errors="0" timestamp="2025-06-29T21:53:05 IST" skipped="0">
  <testcase classname="ArrayPrograms.Max_Frequency_Ele_Array" name="maxFreqEle" time="0.015"/>
  <system-out/>
</testsuite> <!-- ArrayPrograms.Max_Frequency_Ele_Array -->
