<?xml version="1.0" encoding="UTF-8"?>
<!-- Generated by org.testng.reporters.JUnitReportReporter -->
<testsuite hostname="LAPTOP-J81SHHRK" failures="0" tests="1" name="Number_Programs.Tribonacci_Series" time="0.016" errors="0" timestamp="2024-08-29T17:16:48 IST" skipped="0">
  <testcase classname="Number_Programs.Tribonacci_Series" name="tribonocci" time="0.016"/>
  <system-out/>
</testsuite> <!-- Number_Programs.Tribonacci_Series -->
