<?xml version="1.0" encoding="UTF-8"?>
<!-- Generated by org.testng.reporters.JUnitReportReporter -->
<testsuite hostname="LAPTOP-J81SHHRK" failures="0" tests="1" name="Number_Programs.Factorial_Number" time="0.015" errors="0" timestamp="2024-08-14T09:55:29 IST" skipped="0">
  <testcase classname="Number_Programs.Factorial_Number" name="factorialNo" time="0.015"/>
  <system-out/>
</testsuite> <!-- Number_Programs.Factorial_Number -->
