<?xml version="1.0" encoding="UTF-8"?>
<!-- Generated by org.testng.reporters.JUnitReportReporter -->
<testsuite hostname="LAPTOP-J81SHHRK" failures="0" tests="1" name="NewPrograms.Occurence_Word_HashMap" time="0.018" errors="0" timestamp="2025-06-27T15:57:47 IST" skipped="0">
  <testcase classname="NewPrograms.Occurence_Word_HashMap" name="hashMap" time="0.018"/>
  <system-out/>
</testsuite> <!-- NewPrograms.Occurence_Word_HashMap -->
