<?xml version="1.0" encoding="UTF-8"?>
<!-- Generated by org.testng.reporters.JUnitReportReporter -->
<testsuite hostname="LAPTOP-J81SHHRK" failures="0" tests="1" name="ArrayPrograms.Element_Present_Array2" time="0.016" errors="0" timestamp="2025-06-09T17:45:57 IST" skipped="0">
  <testcase classname="ArrayPrograms.Element_Present_Array2" name="elePresent" time="0.016"/>
  <system-out/>
</testsuite> <!-- ArrayPrograms.Element_Present_Array2 -->
