<?xml version="1.0" encoding="UTF-8"?>
<!-- Generated by org.testng.reporters.JUnitReportReporter -->
<testsuite hostname="LAPTOP-J81SHHRK" failures="0" tests="1" name="ArrayPrograms.Print_Prime_Ele_Array" time="0.016" errors="0" timestamp="2024-08-12T16:05:45 IST" skipped="0">
  <testcase classname="ArrayPrograms.Print_Prime_Ele_Array" name="printprime" time="0.016"/>
  <system-out/>
</testsuite> <!-- ArrayPrograms.Print_Prime_Ele_Array -->
