<?xml version="1.0" encoding="UTF-8"?>
<!-- Generated by org.testng.reporters.JUnitReportReporter -->
<testsuite hostname="LAPTOP-J81SHHRK" failures="0" tests="1" name="String_Programs.Reverse_Words_String" time="0.014" errors="0" timestamp="2025-07-01T11:09:41 IST" skipped="0">
  <testcase classname="String_Programs.Reverse_Words_String" name="reverse" time="0.014"/>
  <system-out/>
</testsuite> <!-- String_Programs.Reverse_Words_String -->
