<?xml version="1.0" encoding="UTF-8"?>
<!-- Generated by org.testng.reporters.JUnitReportReporter -->
<testsuite hostname="LAPTOP-J81SHHRK" failures="0" tests="1" name="String_Programs.Word_Present_Not_String" time="0.021" errors="0" timestamp="2025-06-18T11:55:12 IST" skipped="0">
  <testcase classname="String_Programs.Word_Present_Not_String" name="substring" time="0.021"/>
  <system-out/>
</testsuite> <!-- String_Programs.Word_Present_Not_String -->
