<?xml version="1.0" encoding="UTF-8"?>
<!-- Generated by org.testng.reporters.JUnitReportReporter -->
<testsuite hostname="DESKTOP-0K174MB" failures="0" tests="1" name="ArrayPrograms.Count_Of_EachDigit_Array" time="0.014" errors="0" timestamp="2025-07-17T14:38:54 IST" skipped="0">
  <testcase classname="ArrayPrograms.Count_Of_EachDigit_Array" name="count" time="0.014"/>
</testsuite> <!-- ArrayPrograms.Count_Of_EachDigit_Array -->
