<?xml version="1.0" encoding="UTF-8"?>
<!-- Generated by org.testng.reporters.JUnitReportReporter -->
<testsuite hostname="LAPTOP-J81SHHRK" failures="0" tests="1" name="ArrayPrograms.Print_Duplicate_Elements_Array" time="0.015" errors="0" timestamp="2025-06-29T22:22:05 IST" skipped="0">
  <testcase classname="ArrayPrograms.Print_Duplicate_Elements_Array" name="printingDuplicates" time="0.015"/>
  <system-out/>
</testsuite> <!-- ArrayPrograms.Print_Duplicate_Elements_Array -->
