<?xml version="1.0" encoding="UTF-8"?>
<!-- Generated by org.testng.reporters.JUnitReportReporter -->
<testsuite hostname="DESKTOP-0K174MB" failures="0" tests="1" name="ArrayPrograms.Swap_FirstHalf_SecondHalf_Array" time="0.014" errors="0" timestamp="2025-10-14T17:23:08 IST" skipped="0">
  <testcase classname="ArrayPrograms.Swap_FirstHalf_SecondHalf_Array" name="swap" time="0.014"/>
</testsuite> <!-- ArrayPrograms.Swap_FirstHalf_SecondHalf_Array -->
