<?xml version="1.0" encoding="UTF-8"?>
<!-- Generated by org.testng.reporters.JUnitReportReporter -->
<testsuite hostname="LAPTOP-J81SHHRK" failures="0" tests="1" name="ArrayPrograms.Swap_FirstHalf_SecondHalf_Array" time="0.015" errors="0" timestamp="2024-08-30T15:20:29 IST" skipped="0">
  <testcase classname="ArrayPrograms.Swap_FirstHalf_SecondHalf_Array" name="swap" time="0.015"/>
  <system-out/>
</testsuite> <!-- ArrayPrograms.Swap_FirstHalf_SecondHalf_Array -->
