<?xml version="1.0" encoding="UTF-8"?>
<!-- Generated by org.testng.reporters.JUnitReportReporter -->
<testsuite hostname="LAPTOP-J81SHHRK" failures="0" tests="1" name="String_Programs.Smallest_Word_String" time="0.013" errors="0" timestamp="2024-08-17T10:44:21 IST" skipped="0">
  <testcase classname="String_Programs.Smallest_Word_String" name="smallestword" time="0.013"/>
  <system-out/>
</testsuite> <!-- String_Programs.Smallest_Word_String -->
