<?xml version="1.0" encoding="UTF-8"?>
<!-- Generated by org.testng.reporters.JUnitReportReporter -->
<testsuite hostname="LAPTOP-J81SHHRK" failures="0" tests="1" name="ArrayPrograms.Move_All_Zeros_Array" time="0.018" errors="0" timestamp="2025-06-10T16:24:43 IST" skipped="0">
  <testcase classname="ArrayPrograms.Move_All_Zeros_Array" name="moveZeros_end" time="0.018"/>
  <system-out/>
</testsuite> <!-- ArrayPrograms.Move_All_Zeros_Array -->
