<?xml version="1.0" encoding="UTF-8"?>
<!-- Generated by org.testng.reporters.JUnitReportReporter -->
<testsuite hostname="LAPTOP-J81SHHRK" failures="0" tests="1" name="String_Programs.Ascii_values_String" time="0.016" errors="0" timestamp="2025-06-17T22:25:28 IST" skipped="0">
  <testcase classname="String_Programs.Ascii_values_String" name="evenAscii" time="0.016"/>
  <system-out/>
</testsuite> <!-- String_Programs.Ascii_values_String -->
