<?xml version="1.0" encoding="UTF-8"?>
<!-- Generated by org.testng.reporters.JUnitReportReporter -->
<testsuite hostname="LAPTOP-J81SHHRK" failures="0" tests="1" name="NewPrograms.Selenium" time="0.014" errors="0" timestamp="2025-07-04T11:49:28 IST" skipped="0">
  <testcase classname="NewPrograms.Selenium" name="pattern" time="0.014"/>
  <system-out/>
</testsuite> <!-- NewPrograms.Selenium -->
