<?xml version="1.0" encoding="UTF-8"?>
<!-- Generated by org.testng.reporters.JUnitReportReporter -->
<testsuite hostname="LAPTOP-J81SHHRK" failures="0" tests="1" name="Task.moveZeros" time="0.016" errors="0" timestamp="2024-08-20T11:12:08 IST" skipped="0">
  <testcase classname="Task.moveZeros" name="zeros" time="0.016"/>
  <system-out/>
</testsuite> <!-- Task.moveZeros -->
