<?xml version="1.0" encoding="UTF-8"?>
<!-- Generated by org.testng.reporters.JUnitReportReporter -->
<testsuite hostname="LAPTOP-J81SHHRK" failures="0" tests="1" name="ArrayPrograms.Ascending_Array" time="0.014" errors="0" timestamp="2025-07-14T16:03:35 IST" skipped="0">
  <testcase classname="ArrayPrograms.Ascending_Array" name="ascendinglogic" time="0.014"/>
</testsuite> <!-- ArrayPrograms.Ascending_Array -->
