<?xml version="1.0" encoding="UTF-8"?>
<!-- Generated by org.testng.reporters.JUnitReportReporter -->
<testsuite hostname="LAPTOP-J81SHHRK" failures="0" tests="1" name="Others.ILoveJava" time="0.016" errors="0" timestamp="2024-07-29T17:30:58 IST" skipped="0">
  <testcase classname="Others.ILoveJava" name="reverse" time="0.016"/>
  <system-out/>
</testsuite> <!-- Others.ILoveJava -->
