<?xml version="1.0" encoding="UTF-8"?>
<!-- Generated by org.testng.reporters.JUnitReportReporter -->
<testsuite hostname="LAPTOP-J81SHHRK" failures="0" tests="1" name="ArrayPrograms.Removing_Duplicates_Array" time="0.019" errors="0" timestamp="2025-06-10T18:08:38 IST" skipped="0">
  <testcase classname="ArrayPrograms.Removing_Duplicates_Array" name="removing" time="0.019"/>
  <system-out/>
</testsuite> <!-- ArrayPrograms.Removing_Duplicates_Array -->
