<?xml version="1.0" encoding="UTF-8"?>
<!-- Generated by org.testng.reporters.JUnitReportReporter -->
<testsuite hostname="LAPTOP-J81SHHRK" failures="0" tests="1" name="Others.a3b2c1" time="0.018" errors="0" timestamp="2025-06-27T13:31:57 IST" skipped="0">
  <testcase classname="Others.a3b2c1" name="charwithNo" time="0.018"/>
  <system-out/>
</testsuite> <!-- Others.a3b2c1 -->
