<?xml version="1.0" encoding="UTF-8"?>
<!-- Generated by org.testng.reporters.JUnitReportReporter -->
<testsuite hostname="LAPTOP-J81SHHRK" failures="0" tests="1" name="String_Programs.Remove_Duplicates_String" time="0.018" errors="0" timestamp="2025-06-24T11:45:45 IST" skipped="0">
  <testcase classname="String_Programs.Remove_Duplicates_String" name="removeduplicates" time="0.018"/>
  <system-out/>
</testsuite> <!-- String_Programs.Remove_Duplicates_String -->
