<?xml version="1.0" encoding="UTF-8"?>
<!-- Generated by org.testng.reporters.JUnitReportReporter -->
<testsuite hostname="LAPTOP-J81SHHRK" failures="0" tests="1" name="Others.ABC3328" time="0.019" errors="0" timestamp="2025-07-01T11:36:57 IST" skipped="0">
  <testcase classname="Others.ABC3328" name="NoAndChar" time="0.019"/>
  <system-out/>
</testsuite> <!-- Others.ABC3328 -->
