<?xml version="1.0" encoding="UTF-8"?>
<!-- Generated by org.testng.reporters.JUnitReportReporter -->
<testsuite hostname="LAPTOP-J81SHHRK" failures="0" tests="1" name="String_Programs.Read_Characters_Reverse_String" time="0.012" errors="0" timestamp="2024-10-25T10:08:36 IST" skipped="0">
  <testcase classname="String_Programs.Read_Characters_Reverse_String" name="readCharacterrReverse" time="0.012"/>
  <system-out/>
</testsuite> <!-- String_Programs.Read_Characters_Reverse_String -->
